<?xml version="1.0" encoding="UTF-8"?>
<testsuite xmlns:xsi="http://www.w3.org/2001/XMLSchema-instance" xsi:noNamespaceSchemaLocation="https://maven.apache.org/surefire/maven-surefire-plugin/xsd/surefire-test-report.xsd" name="com.mycompa.app.AppTest" time="0.012" tests="1" errors="0" skipped="0" failures="0">
  <properties>
    <property name="sun.desktop" value="gnome"/>
    <property name="awt.toolkit" value="sun.awt.X11.XToolkit"/>
    <property name="file.encoding.pkg" value="sun.io"/>
    <property name="java.specification.version" value="1.8"/>
    <property name="sun.cpu.isalist" value=""/>
    <property name="sun.jnu.encoding" value="UTF-8"/>
    <property name="java.class.path" value="/home/gpuigdem/openTelemetryTest/target/test-classes:/home/gpuigdem/openTelemetryTest/target/classes:/home/gpuigdem/.m2/repository/junit/junit/4.11/junit-4.11.jar:/home/gpuigdem/.m2/repository/org/hamcrest/hamcrest-core/1.3/hamcrest-core-1.3.jar:/home/gpuigdem/.m2/repository/io/opentelemetry/opentelemetry-api/1.29.0/opentelemetry-api-1.29.0.jar:/home/gpuigdem/.m2/repository/io/opentelemetry/opentelemetry-context/1.29.0/opentelemetry-context-1.29.0.jar:/home/gpuigdem/.m2/repository/io/opentelemetry/opentelemetry-sdk/1.29.0/opentelemetry-sdk-1.29.0.jar:/home/gpuigdem/.m2/repository/io/opentelemetry/opentelemetry-sdk-common/1.29.0/opentelemetry-sdk-common-1.29.0.jar:/home/gpuigdem/.m2/repository/io/opentelemetry/opentelemetry-sdk-trace/1.29.0/opentelemetry-sdk-trace-1.29.0.jar:/home/gpuigdem/.m2/repository/io/opentelemetry/opentelemetry-sdk-metrics/1.29.0/opentelemetry-sdk-metrics-1.29.0.jar:/home/gpuigdem/.m2/repository/io/opentelemetry/opentelemetry-extension-incubator/1.29.0-alpha/opentelemetry-extension-incubator-1.29.0-alpha.jar:/home/gpuigdem/.m2/repository/io/opentelemetry/opentelemetry-sdk-logs/1.29.0/opentelemetry-sdk-logs-1.29.0.jar:/home/gpuigdem/.m2/repository/io/opentelemetry/opentelemetry-api-events/1.29.0-alpha/opentelemetry-api-events-1.29.0-alpha.jar:/home/gpuigdem/.m2/repository/io/opentelemetry/opentelemetry-exporter-otlp/1.29.0/opentelemetry-exporter-otlp-1.29.0.jar:/home/gpuigdem/.m2/repository/io/opentelemetry/opentelemetry-exporter-otlp-common/1.29.0/opentelemetry-exporter-otlp-common-1.29.0.jar:/home/gpuigdem/.m2/repository/io/opentelemetry/opentelemetry-exporter-common/1.29.0/opentelemetry-exporter-common-1.29.0.jar:/home/gpuigdem/.m2/repository/io/opentelemetry/opentelemetry-exporter-sender-okhttp/1.29.0/opentelemetry-exporter-sender-okhttp-1.29.0.jar:/home/gpuigdem/.m2/repository/com/squareup/okhttp3/okhttp/4.11.0/okhttp-4.11.0.jar:/home/gpuigdem/.m2/repository/com/squareup/okio/okio/3.2.0/okio-3.2.0.jar:/home/gpuigdem/.m2/repository/com/squareup/okio/okio-jvm/3.2.0/okio-jvm-3.2.0.jar:/home/gpuigdem/.m2/repository/org/jetbrains/kotlin/kotlin-stdlib/1.6.20/kotlin-stdlib-1.6.20.jar:/home/gpuigdem/.m2/repository/org/jetbrains/kotlin/kotlin-stdlib-common/1.6.20/kotlin-stdlib-common-1.6.20.jar:/home/gpuigdem/.m2/repository/org/jetbrains/annotations/13.0/annotations-13.0.jar:/home/gpuigdem/.m2/repository/org/jetbrains/kotlin/kotlin-stdlib-jdk8/1.6.20/kotlin-stdlib-jdk8-1.6.20.jar:/home/gpuigdem/.m2/repository/org/jetbrains/kotlin/kotlin-stdlib-jdk7/1.6.20/kotlin-stdlib-jdk7-1.6.20.jar:/home/gpuigdem/.m2/repository/io/opentelemetry/opentelemetry-sdk-extension-autoconfigure-spi/1.29.0/opentelemetry-sdk-extension-autoconfigure-spi-1.29.0.jar:/home/gpuigdem/.m2/repository/io/opentelemetry/opentelemetry-semconv/1.29.0-alpha/opentelemetry-semconv-1.29.0-alpha.jar:"/>
    <property name="java.vm.vendor" value="Private Build"/>
    <property name="sun.arch.data.model" value="64"/>
    <property name="java.vendor.url" value="http://java.oracle.com/"/>
    <property name="user.timezone" value=""/>
    <property name="java.vm.specification.version" value="1.8"/>
    <property name="os.name" value="Linux"/>
    <property name="user.country" value="US"/>
    <property name="sun.java.launcher" value="SUN_STANDARD"/>
    <property name="sun.boot.library.path" value="/usr/lib/jvm/java-8-openjdk-amd64/jre/lib/amd64"/>
    <property name="sun.java.command" value="/home/gpuigdem/openTelemetryTest/target/surefire/surefirebooter1465164094958574812.jar /home/gpuigdem/openTelemetryTest/target/surefire 2023-08-18T14-53-54_921-jvmRun1 surefire8621370097418297138tmp surefire_05543631824960740893tmp"/>
    <property name="surefire.test.class.path" value="/home/gpuigdem/openTelemetryTest/target/test-classes:/home/gpuigdem/openTelemetryTest/target/classes:/home/gpuigdem/.m2/repository/junit/junit/4.11/junit-4.11.jar:/home/gpuigdem/.m2/repository/org/hamcrest/hamcrest-core/1.3/hamcrest-core-1.3.jar:/home/gpuigdem/.m2/repository/io/opentelemetry/opentelemetry-api/1.29.0/opentelemetry-api-1.29.0.jar:/home/gpuigdem/.m2/repository/io/opentelemetry/opentelemetry-context/1.29.0/opentelemetry-context-1.29.0.jar:/home/gpuigdem/.m2/repository/io/opentelemetry/opentelemetry-sdk/1.29.0/opentelemetry-sdk-1.29.0.jar:/home/gpuigdem/.m2/repository/io/opentelemetry/opentelemetry-sdk-common/1.29.0/opentelemetry-sdk-common-1.29.0.jar:/home/gpuigdem/.m2/repository/io/opentelemetry/opentelemetry-sdk-trace/1.29.0/opentelemetry-sdk-trace-1.29.0.jar:/home/gpuigdem/.m2/repository/io/opentelemetry/opentelemetry-sdk-metrics/1.29.0/opentelemetry-sdk-metrics-1.29.0.jar:/home/gpuigdem/.m2/repository/io/opentelemetry/opentelemetry-extension-incubator/1.29.0-alpha/opentelemetry-extension-incubator-1.29.0-alpha.jar:/home/gpuigdem/.m2/repository/io/opentelemetry/opentelemetry-sdk-logs/1.29.0/opentelemetry-sdk-logs-1.29.0.jar:/home/gpuigdem/.m2/repository/io/opentelemetry/opentelemetry-api-events/1.29.0-alpha/opentelemetry-api-events-1.29.0-alpha.jar:/home/gpuigdem/.m2/repository/io/opentelemetry/opentelemetry-exporter-otlp/1.29.0/opentelemetry-exporter-otlp-1.29.0.jar:/home/gpuigdem/.m2/repository/io/opentelemetry/opentelemetry-exporter-otlp-common/1.29.0/opentelemetry-exporter-otlp-common-1.29.0.jar:/home/gpuigdem/.m2/repository/io/opentelemetry/opentelemetry-exporter-common/1.29.0/opentelemetry-exporter-common-1.29.0.jar:/home/gpuigdem/.m2/repository/io/opentelemetry/opentelemetry-exporter-sender-okhttp/1.29.0/opentelemetry-exporter-sender-okhttp-1.29.0.jar:/home/gpuigdem/.m2/repository/com/squareup/okhttp3/okhttp/4.11.0/okhttp-4.11.0.jar:/home/gpuigdem/.m2/repository/com/squareup/okio/okio/3.2.0/okio-3.2.0.jar:/home/gpuigdem/.m2/repository/com/squareup/okio/okio-jvm/3.2.0/okio-jvm-3.2.0.jar:/home/gpuigdem/.m2/repository/org/jetbrains/kotlin/kotlin-stdlib/1.6.20/kotlin-stdlib-1.6.20.jar:/home/gpuigdem/.m2/repository/org/jetbrains/kotlin/kotlin-stdlib-common/1.6.20/kotlin-stdlib-common-1.6.20.jar:/home/gpuigdem/.m2/repository/org/jetbrains/annotations/13.0/annotations-13.0.jar:/home/gpuigdem/.m2/repository/org/jetbrains/kotlin/kotlin-stdlib-jdk8/1.6.20/kotlin-stdlib-jdk8-1.6.20.jar:/home/gpuigdem/.m2/repository/org/jetbrains/kotlin/kotlin-stdlib-jdk7/1.6.20/kotlin-stdlib-jdk7-1.6.20.jar:/home/gpuigdem/.m2/repository/io/opentelemetry/opentelemetry-sdk-extension-autoconfigure-spi/1.29.0/opentelemetry-sdk-extension-autoconfigure-spi-1.29.0.jar:/home/gpuigdem/.m2/repository/io/opentelemetry/opentelemetry-semconv/1.29.0-alpha/opentelemetry-semconv-1.29.0-alpha.jar:"/>
    <property name="sun.cpu.endian" value="little"/>
    <property name="user.home" value="/home/gpuigdem"/>
    <property name="user.language" value="en"/>
    <property name="java.specification.vendor" value="Oracle Corporation"/>
    <property name="java.home" value="/usr/lib/jvm/java-8-openjdk-amd64/jre"/>
    <property name="basedir" value="/home/gpuigdem/openTelemetryTest"/>
    <property name="file.separator" value="/"/>
    <property name="line.separator" value="&#10;"/>
    <property name="java.vm.specification.vendor" value="Oracle Corporation"/>
    <property name="java.specification.name" value="Java Platform API Specification"/>
    <property name="java.awt.graphicsenv" value="sun.awt.X11GraphicsEnvironment"/>
    <property name="surefire.real.class.path" value="/home/gpuigdem/openTelemetryTest/target/surefire/surefirebooter1465164094958574812.jar"/>
    <property name="sun.boot.class.path" value="/usr/lib/jvm/java-8-openjdk-amd64/jre/lib/resources.jar:/usr/lib/jvm/java-8-openjdk-amd64/jre/lib/rt.jar:/usr/lib/jvm/java-8-openjdk-amd64/jre/lib/sunrsasign.jar:/usr/lib/jvm/java-8-openjdk-amd64/jre/lib/jsse.jar:/usr/lib/jvm/java-8-openjdk-amd64/jre/lib/jce.jar:/usr/lib/jvm/java-8-openjdk-amd64/jre/lib/charsets.jar:/usr/lib/jvm/java-8-openjdk-amd64/jre/lib/jfr.jar:/usr/lib/jvm/java-8-openjdk-amd64/jre/classes"/>
    <property name="sun.management.compiler" value="HotSpot 64-Bit Tiered Compilers"/>
    <property name="java.runtime.version" value="1.8.0_382-8u382-ga-1~22.04.1-b05"/>
    <property name="user.name" value="gpuigdem"/>
    <property name="path.separator" value=":"/>
    <property name="os.version" value="6.2.0-26-generic"/>
    <property name="java.endorsed.dirs" value="/usr/lib/jvm/java-8-openjdk-amd64/jre/lib/endorsed"/>
    <property name="java.runtime.name" value="OpenJDK Runtime Environment"/>
    <property name="file.encoding" value="UTF-8"/>
    <property name="java.vm.name" value="OpenJDK 64-Bit Server VM"/>
    <property name="localRepository" value="/home/gpuigdem/.m2/repository"/>
    <property name="java.vendor.url.bug" value="http://bugreport.sun.com/bugreport/"/>
    <property name="java.io.tmpdir" value="/tmp"/>
    <property name="java.version" value="1.8.0_382"/>
    <property name="user.dir" value="/home/gpuigdem/openTelemetryTest"/>
    <property name="os.arch" value="amd64"/>
    <property name="java.vm.specification.name" value="Java Virtual Machine Specification"/>
    <property name="java.awt.printerjob" value="sun.print.PSPrinterJob"/>
    <property name="sun.os.patch.level" value="unknown"/>
    <property name="java.library.path" value="/usr/local/lib/::/opt/COMPSs/Bindings/bindings-common/lib:/lib/amd64/server:/jre/lib/amd64/server:/opt/COMPSs/Bindings/bindings-common/lib:/lib/amd64/server:/jre/lib/amd64/server:/usr/java/packages/lib/amd64:/usr/lib/x86_64-linux-gnu/jni:/lib/x86_64-linux-gnu:/usr/lib/x86_64-linux-gnu:/usr/lib/jni:/lib:/usr/lib"/>
    <property name="java.vm.info" value="mixed mode"/>
    <property name="java.vendor" value="Private Build"/>
    <property name="java.vm.version" value="25.382-b05"/>
    <property name="java.specification.maintenance.version" value="5"/>
    <property name="java.ext.dirs" value="/usr/lib/jvm/java-8-openjdk-amd64/jre/lib/ext:/usr/java/packages/lib/ext"/>
    <property name="sun.io.unicode.encoding" value="UnicodeLittle"/>
    <property name="java.class.version" value="52.0"/>
  </properties>
  <testcase name="shouldAnswerWithTrue" classname="com.mycompa.app.AppTest" time="0.001"/>
</testsuite>